2017-10-22 08:35:39 INFO  Car - 
Current Speed: 1.4111087
Current Angle: 0.0
Current Position: 6,18
Current Tile: ROAD


2017-10-22 08:35:39 INFO  Car - 
Current Speed: 1.3999976
Current Angle: 0.0
Current Position: 6,18
Current Tile: ROAD


2017-10-22 08:35:39 INFO  Car - 
Current Speed: 1.4333309
Current Angle: 0.0
Current Position: 6,18
Current Tile: ROAD


2017-10-22 08:35:39 INFO  Car - 
Current Speed: 1.4222198
Current Angle: 0.0
Current Position: 6,18
Current Tile: ROAD


2017-10-22 08:35:39 INFO  Car - 
Current Speed: 1.4111086
Current Angle: 0.0
Current Position: 6,18
Current Tile: ROAD


2017-10-22 08:35:39 INFO  Car - 
Current Speed: 1.3999975
Current Angle: 0.0
Current Position: 6,18
Current Tile: ROAD


2017-10-22 08:35:39 INFO  Car - 
Current Speed: 1.4333308
Current Angle: 0.0
Current Position: 6,18
Current Tile: ROAD


2017-10-22 08:35:39 INFO  Car - 
Current Speed: 1.4222196
Current Angle: 0.0
Current Position: 6,18
Current Tile: ROAD


2017-10-22 08:35:39 INFO  Car - 
Current Speed: 1.4111085
Current Angle: 0.0
Current Position: 6,18
Current Tile: ROAD


2017-10-22 08:35:39 INFO  Car - 
Current Speed: 1.3999974
Current Angle: 0.0
Current Position: 6,18
Current Tile: ROAD


2017-10-22 08:35:39 INFO  Car - 
Current Speed: 1.4333307
Current Angle: 0.0
Current Position: 6,18
Current Tile: ROAD


2017-10-22 08:35:39 INFO  Car - 
Current Speed: 1.4222195
Current Angle: 0.0
Current Position: 6,18
Current Tile: ROAD


2017-10-22 08:35:39 INFO  Car - 
Current Speed: 1.4111084
Current Angle: 0.0
Current Position: 6,18
Current Tile: ROAD


2017-10-22 08:35:39 INFO  Car - 
Current Speed: 1.3999972
Current Angle: 0.0
Current Position: 6,18
Current Tile: ROAD


2017-10-22 08:35:39 INFO  Car - 
Current Speed: 1.4333305
Current Angle: 0.0
Current Position: 6,18
Current Tile: ROAD


2017-10-22 08:35:39 INFO  Car - 
Current Speed: 1.4222194
Current Angle: 0.0
Current Position: 6,18
Current Tile: ROAD


2017-10-22 08:35:39 INFO  Car - 
Current Speed: 1.4111083
Current Angle: 0.0
Current Position: 6,18
Current Tile: ROAD


2017-10-22 08:35:39 INFO  Car - 
Current Speed: 1.3999971
Current Angle: 0.0
Current Position: 6,18
Current Tile: ROAD


2017-10-22 08:35:39 INFO  Car - 
Current Speed: 1.4333304
Current Angle: 0.0
Current Position: 6,18
Current Tile: ROAD


2017-10-22 08:35:39 INFO  Car - 
Current Speed: 1.4222193
Current Angle: 0.0
Current Position: 6,18
Current Tile: ROAD


2017-10-22 08:35:39 INFO  Car - 
Current Speed: 1.4111081
Current Angle: 0.0
Current Position: 6,18
Current Tile: ROAD


2017-10-22 08:35:39 INFO  Car - 
Current Speed: 1.399997
Current Angle: 0.0
Current Position: 6,18
Current Tile: ROAD


2017-10-22 08:35:40 INFO  Car - 
Current Speed: 1.4333303
Current Angle: 0.0
Current Position: 6,18
Current Tile: ROAD


2017-10-22 08:35:40 INFO  Car - 
Current Speed: 1.4222192
Current Angle: 0.0
Current Position: 6,18
Current Tile: ROAD


2017-10-22 08:35:40 INFO  Car - 
Current Speed: 1.411108
Current Angle: 0.0
Current Position: 6,18
Current Tile: ROAD


2017-10-22 08:35:40 INFO  Car - 
Current Speed: 1.3999969
Current Angle: 0.0
Current Position: 6,18
Current Tile: ROAD


2017-10-22 08:35:40 INFO  Car - 
Current Speed: 1.4333302
Current Angle: 0.0
Current Position: 5,18
Current Tile: ROAD


2017-10-22 08:35:40 INFO  Car - 
Current Speed: 1.422219
Current Angle: 0.0
Current Position: 5,18
Current Tile: ROAD


2017-10-22 08:35:40 INFO  Car - 
Current Speed: 1.4111079
Current Angle: 0.0
Current Position: 5,18
Current Tile: ROAD


2017-10-22 08:35:40 INFO  Car - 
Current Speed: 1.3999968
Current Angle: 0.0
Current Position: 5,18
Current Tile: ROAD


2017-10-22 08:35:40 INFO  Car - 
Current Speed: 1.43333
Current Angle: 0.0
Current Position: 5,18
Current Tile: ROAD


2017-10-22 08:35:40 INFO  Car - 
Current Speed: 1.4222189
Current Angle: 0.0
Current Position: 5,18
Current Tile: ROAD


2017-10-22 08:35:40 INFO  Car - 
Current Speed: 1.4111078
Current Angle: 0.0
Current Position: 5,18
Current Tile: ROAD


2017-10-22 08:35:40 INFO  Car - 
Current Speed: 1.3999966
Current Angle: 0.0
Current Position: 5,18
Current Tile: ROAD


2017-10-22 08:35:40 INFO  Car - 
Current Speed: 1.4333299
Current Angle: 0.0
Current Position: 5,18
Current Tile: ROAD


2017-10-22 08:35:40 INFO  Car - 
Current Speed: 1.4222188
Current Angle: 0.0
Current Position: 5,18
Current Tile: ROAD


2017-10-22 08:35:40 INFO  Car - 
Current Speed: 1.4111077
Current Angle: 0.0
Current Position: 5,18
Current Tile: ROAD


2017-10-22 08:35:40 INFO  Car - 
Current Speed: 1.3999965
Current Angle: 0.0
Current Position: 5,18
Current Tile: ROAD


2017-10-22 08:35:40 INFO  Car - 
Current Speed: 1.4333298
Current Angle: 0.0
Current Position: 5,18
Current Tile: ROAD


2017-10-22 08:35:40 INFO  Car - 
Current Speed: 1.4222187
Current Angle: 0.0
Current Position: 5,18
Current Tile: ROAD


2017-10-22 08:35:40 INFO  Car - 
Current Speed: 1.4111075
Current Angle: 0.0
Current Position: 5,18
Current Tile: ROAD


2017-10-22 08:35:40 INFO  Car - 
Current Speed: 1.3999964
Current Angle: 0.0
Current Position: 5,18
Current Tile: ROAD


2017-10-22 08:35:40 INFO  Car - 
Current Speed: 1.4333297
Current Angle: 0.0
Current Position: 5,18
Current Tile: ROAD


2017-10-22 08:35:40 INFO  Car - 
Current Speed: 1.4222186
Current Angle: 0.0
Current Position: 5,18
Current Tile: ROAD


2017-10-22 08:35:40 INFO  Car - 
Current Speed: 1.4111074
Current Angle: 0.0
Current Position: 5,18
Current Tile: ROAD


2017-10-22 08:35:40 INFO  Car - 
Current Speed: 1.3999963
Current Angle: 0.0
Current Position: 5,18
Current Tile: ROAD


2017-10-22 08:35:40 INFO  Car - 
Current Speed: 1.4333296
Current Angle: 0.0
Current Position: 5,18
Current Tile: ROAD


2017-10-22 08:35:40 INFO  Car - 
Current Speed: 1.4222184
Current Angle: 0.0
Current Position: 5,18
Current Tile: ROAD


2017-10-22 08:35:40 INFO  Car - 
Current Speed: 1.4111073
Current Angle: 0.0
Current Position: 5,18
Current Tile: ROAD


2017-10-22 08:35:40 INFO  Car - 
Current Speed: 1.3999962
Current Angle: 0.0
Current Position: 5,18
Current Tile: ROAD


2017-10-22 08:35:40 INFO  Car - 
Current Speed: 1.4333295
Current Angle: 0.0
Current Position: 5,18
Current Tile: ROAD


2017-10-22 08:35:40 INFO  Car - 
Current Speed: 1.4222183
Current Angle: 0.0
Current Position: 5,18
Current Tile: ROAD


2017-10-22 08:35:40 INFO  Car - 
Current Speed: 1.4111072
Current Angle: 0.0
Current Position: 5,18
Current Tile: ROAD


2017-10-22 08:35:40 INFO  Car - 
Current Speed: 1.399996
Current Angle: 0.0
Current Position: 5,18
Current Tile: ROAD


2017-10-22 08:35:40 INFO  Car - 
Current Speed: 1.4333293
Current Angle: 0.0
Current Position: 5,18
Current Tile: ROAD


2017-10-22 08:35:40 INFO  Car - 
Current Speed: 1.4222182
Current Angle: 0.0
Current Position: 5,18
Current Tile: ROAD


2017-10-22 08:35:40 INFO  Car - 
Current Speed: 1.4111071
Current Angle: 0.0
Current Position: 5,18
Current Tile: ROAD


2017-10-22 08:35:40 INFO  Car - 
Current Speed: 1.3999959
Current Angle: 0.0
Current Position: 5,18
Current Tile: ROAD


2017-10-22 08:35:40 INFO  Car - 
Current Speed: 1.4333292
Current Angle: 0.0
Current Position: 4,18
Current Tile: ROAD


2017-10-22 08:35:40 INFO  Car - 
Current Speed: 1.4222181
Current Angle: 0.0
Current Position: 4,18
Current Tile: ROAD


2017-10-22 08:35:40 INFO  Car - 
Current Speed: 1.411107
Current Angle: 0.0
Current Position: 4,18
Current Tile: ROAD


2017-10-22 08:35:40 INFO  Car - 
Current Speed: 1.3999958
Current Angle: 0.0
Current Position: 4,18
Current Tile: ROAD


2017-10-22 08:35:40 INFO  Car - 
Current Speed: 1.4333291
Current Angle: 0.0
Current Position: 4,18
Current Tile: ROAD


2017-10-22 08:35:40 INFO  Car - 
Current Speed: 1.422218
Current Angle: 0.0
Current Position: 4,18
Current Tile: ROAD


2017-10-22 08:35:40 INFO  Car - 
Current Speed: 1.4111068
Current Angle: 0.0
Current Position: 4,18
Current Tile: ROAD


2017-10-22 08:35:40 INFO  Car - 
Current Speed: 1.3999957
Current Angle: 0.0
Current Position: 4,18
Current Tile: ROAD


2017-10-22 08:35:41 INFO  Car - 
Current Speed: 1.433329
Current Angle: 0.0
Current Position: 4,18
Current Tile: ROAD


2017-10-22 08:35:41 INFO  Car - 
Current Speed: 1.4222178
Current Angle: 0.0
Current Position: 4,18
Current Tile: ROAD


2017-10-22 08:35:41 INFO  Car - 
Current Speed: 1.4111067
Current Angle: 0.0
Current Position: 4,18
Current Tile: ROAD


2017-10-22 08:35:41 INFO  Car - 
Current Speed: 1.3999956
Current Angle: 0.0
Current Position: 4,18
Current Tile: ROAD


2017-10-22 08:35:41 INFO  Car - 
Current Speed: 1.4333289
Current Angle: 0.0
Current Position: 4,18
Current Tile: ROAD


2017-10-22 08:35:41 INFO  Car - 
Current Speed: 1.4222177
Current Angle: 0.0
Current Position: 4,18
Current Tile: ROAD


2017-10-22 08:35:41 INFO  Car - 
Current Speed: 1.4111066
Current Angle: 0.0
Current Position: 4,18
Current Tile: ROAD


2017-10-22 08:35:41 INFO  Car - 
Current Speed: 1.3999954
Current Angle: 0.0
Current Position: 4,18
Current Tile: ROAD


2017-10-22 08:35:41 INFO  Car - 
Current Speed: 1.4333287
Current Angle: 0.0
Current Position: 4,18
Current Tile: ROAD


2017-10-22 08:35:41 INFO  Car - 
Current Speed: 1.4222176
Current Angle: 0.0
Current Position: 4,18
Current Tile: ROAD


2017-10-22 08:35:41 INFO  Car - 
Current Speed: 1.4111065
Current Angle: 0.0
Current Position: 4,18
Current Tile: ROAD


2017-10-22 08:35:41 INFO  Car - 
Current Speed: 1.3999953
Current Angle: 0.0
Current Position: 4,18
Current Tile: ROAD


2017-10-22 08:35:41 INFO  Car - 
Current Speed: 1.4333286
Current Angle: 0.0
Current Position: 4,18
Current Tile: ROAD


2017-10-22 08:35:41 INFO  Car - 
Current Speed: 1.4222175
Current Angle: 0.0
Current Position: 4,18
Current Tile: ROAD


2017-10-22 08:35:41 INFO  Car - 
Current Speed: 1.4111063
Current Angle: 0.0
Current Position: 4,18
Current Tile: ROAD


2017-10-22 08:35:41 INFO  Car - 
Current Speed: 1.3999952
Current Angle: 0.0
Current Position: 4,18
Current Tile: ROAD


2017-10-22 08:35:41 INFO  Car - 
Current Speed: 1.4333285
Current Angle: 0.0
Current Position: 4,18
Current Tile: ROAD


2017-10-22 08:35:41 INFO  Car - 
Current Speed: 1.4222174
Current Angle: 0.0
Current Position: 4,18
Current Tile: ROAD


2017-10-22 08:35:41 INFO  Car - 
Current Speed: 1.4111062
Current Angle: 0.0
Current Position: 4,18
Current Tile: ROAD


2017-10-22 08:35:41 INFO  Car - 
Current Speed: 1.3999951
Current Angle: 0.0
Current Position: 4,18
Current Tile: ROAD


2017-10-22 08:35:41 INFO  Car - 
Current Speed: 1.4333284
Current Angle: 0.0
Current Position: 4,18
Current Tile: ROAD


2017-10-22 08:35:41 INFO  Car - 
Current Speed: 1.4222172
Current Angle: 0.0
Current Position: 4,18
Current Tile: ROAD


2017-10-22 08:35:41 INFO  Car - 
Current Speed: 1.4111061
Current Angle: 0.0
Current Position: 4,18
Current Tile: ROAD


2017-10-22 08:35:41 INFO  Car - 
Current Speed: 1.399995
Current Angle: 0.0
Current Position: 4,18
Current Tile: ROAD


2017-10-22 08:35:41 INFO  Car - 
Current Speed: 1.4333283
Current Angle: 0.0
Current Position: 3,18
Current Tile: ROAD


2017-10-22 08:35:41 INFO  Car - 
Current Speed: 1.4222171
Current Angle: 0.0
Current Position: 3,18
Current Tile: ROAD


2017-10-22 08:35:41 INFO  Car - 
Current Speed: 1.411106
Current Angle: 0.0
Current Position: 3,18
Current Tile: ROAD


2017-10-22 08:35:41 INFO  Car - 
Current Speed: 1.3999949
Current Angle: 0.0
Current Position: 3,18
Current Tile: ROAD


2017-10-22 08:35:41 INFO  Car - 
Current Speed: 1.4333282
Current Angle: 0.0
Current Position: 3,18
Current Tile: ROAD


2017-10-22 08:35:41 INFO  Car - 
Current Speed: 1.422217
Current Angle: 0.0
Current Position: 3,18
Current Tile: ROAD


2017-10-22 08:35:41 INFO  Car - 
Current Speed: 1.4111059
Current Angle: 0.0
Current Position: 3,18
Current Tile: ROAD


2017-10-22 08:35:41 INFO  Car - 
Current Speed: 1.3999947
Current Angle: 0.0
Current Position: 3,18
Current Tile: ROAD


2017-10-22 08:35:41 INFO  Car - 
Current Speed: 1.433328
Current Angle: 0.0
Current Position: 3,18
Current Tile: ROAD


2017-10-22 08:35:41 INFO  Car - 
Current Speed: 1.4222169
Current Angle: 0.0
Current Position: 3,18
Current Tile: ROAD


2017-10-22 08:35:41 INFO  Car - 
Current Speed: 1.4111058
Current Angle: 0.0
Current Position: 3,18
Current Tile: ROAD


2017-10-22 08:35:41 INFO  Car - 
Current Speed: 1.3999946
Current Angle: 0.0
Current Position: 3,18
Current Tile: ROAD


2017-10-22 08:35:41 INFO  Car - 
Current Speed: 1.4333279
Current Angle: 0.0
Current Position: 3,18
Current Tile: ROAD


2017-10-22 08:35:41 INFO  Car - 
Current Speed: 1.4222168
Current Angle: 0.0
Current Position: 3,18
Current Tile: ROAD


2017-10-22 08:35:41 INFO  Car - 
Current Speed: 1.4111056
Current Angle: 0.0
Current Position: 3,18
Current Tile: ROAD


2017-10-22 08:35:41 INFO  Car - 
Current Speed: 1.3999945
Current Angle: 0.0
Current Position: 3,18
Current Tile: ROAD


2017-10-22 08:35:41 INFO  Car - 
Current Speed: 1.4333278
Current Angle: 0.0
Current Position: 3,18
Current Tile: ROAD


2017-10-22 08:35:41 INFO  Car - 
Current Speed: 1.4222167
Current Angle: 0.0
Current Position: 3,18
Current Tile: ROAD


2017-10-22 08:35:41 INFO  Car - 
Current Speed: 1.4111055
Current Angle: 0.0
Current Position: 3,18
Current Tile: ROAD


2017-10-22 08:35:41 INFO  Car - 
Current Speed: 1.3999944
Current Angle: 0.0
Current Position: 3,18
Current Tile: ROAD


2017-10-22 08:35:41 INFO  Car - 
Current Speed: 1.4333277
Current Angle: 0.0
Current Position: 3,18
Current Tile: ROAD


2017-10-22 08:35:42 INFO  Car - 
Current Speed: 1.4222165
Current Angle: 0.0
Current Position: 3,18
Current Tile: ROAD


2017-10-22 08:35:42 INFO  Car - 
Current Speed: 1.4111054
Current Angle: 0.0
Current Position: 3,18
Current Tile: ROAD


2017-10-22 08:35:42 INFO  Car - 
Current Speed: 1.3999943
Current Angle: 0.0
Current Position: 3,18
Current Tile: ROAD


2017-10-22 08:35:42 INFO  Car - 
Current Speed: 1.4333276
Current Angle: 0.0
Current Position: 3,18
Current Tile: ROAD


2017-10-22 08:35:42 INFO  Car - 
Current Speed: 1.4222164
Current Angle: 0.0
Current Position: 3,18
Current Tile: ROAD


2017-10-22 08:35:42 INFO  Car - 
Current Speed: 1.4111053
Current Angle: 0.0
Current Position: 3,18
Current Tile: ROAD


2017-10-22 08:35:42 INFO  Car - 
Current Speed: 1.3999941
Current Angle: 0.0
Current Position: 3,18
Current Tile: ROAD


2017-10-22 08:35:42 INFO  Car - 
Current Speed: 1.4333274
Current Angle: 0.0
Current Position: 3,18
Current Tile: ROAD


2017-10-22 08:35:42 INFO  Car - 
Current Speed: 1.4222163
Current Angle: 0.0
Current Position: 3,18
Current Tile: ROAD


2017-10-22 08:35:42 INFO  Car - 
Current Speed: 1.4111052
Current Angle: 0.0
Current Position: 3,18
Current Tile: ROAD


2017-10-22 08:35:42 INFO  Car - 
Current Speed: 1.399994
Current Angle: 0.0
Current Position: 2,18
Current Tile: ROAD


2017-10-22 08:35:42 INFO  Car - 
Current Speed: 1.4333273
Current Angle: 0.0
Current Position: 2,18
Current Tile: ROAD


2017-10-22 08:35:42 INFO  Car - 
Current Speed: 1.4222162
Current Angle: 0.0
Current Position: 2,18
Current Tile: ROAD


2017-10-22 08:35:42 INFO  Car - 
Current Speed: 1.411105
Current Angle: 0.0
Current Position: 2,18
Current Tile: ROAD


2017-10-22 08:35:42 INFO  Car - 
Current Speed: 1.3999939
Current Angle: 0.0
Current Position: 2,18
Current Tile: ROAD


2017-10-22 08:35:42 INFO  Car - 
Current Speed: 1.4333272
Current Angle: 0.0
Current Position: 2,18
Current Tile: ROAD


2017-10-22 08:35:42 INFO  Car - 
Current Speed: 1.422216
Current Angle: 0.0
Current Position: 2,18
Current Tile: ROAD


2017-10-22 08:35:42 INFO  Car - 
Current Speed: 1.4111049
Current Angle: 0.0
Current Position: 2,18
Current Tile: ROAD


2017-10-22 08:35:42 INFO  Car - 
Current Speed: 1.3999938
Current Angle: 0.0
Current Position: 2,18
Current Tile: ROAD


2017-10-22 08:35:42 INFO  Car - 
Current Speed: 1.4333271
Current Angle: 0.0
Current Position: 2,18
Current Tile: ROAD


2017-10-22 08:35:42 INFO  Car - 
Current Speed: 1.4222159
Current Angle: 0.0
Current Position: 2,18
Current Tile: ROAD


2017-10-22 08:35:42 INFO  Car - 
Current Speed: 1.4111048
Current Angle: 0.0
Current Position: 2,18
Current Tile: ROAD


2017-10-22 08:35:42 INFO  Car - 
Current Speed: 1.3999937
Current Angle: 0.0
Current Position: 2,18
Current Tile: ROAD


2017-10-22 08:35:42 INFO  Car - 
Current Speed: 1.433327
Current Angle: 0.0
Current Position: 2,18
Current Tile: ROAD


2017-10-22 08:35:42 INFO  Car - 
Current Speed: 1.4222158
Current Angle: 0.0
Current Position: 2,18
Current Tile: ROAD


2017-10-22 08:35:42 INFO  Car - 
Current Speed: 1.4111047
Current Angle: 0.0
Current Position: 2,18
Current Tile: ROAD


2017-10-22 08:35:42 INFO  Car - 
Current Speed: 1.3999935
Current Angle: 0.0
Current Position: 2,18
Current Tile: ROAD


2017-10-22 08:35:42 INFO  Car - 
Current Speed: 1.4333268
Current Angle: 0.0
Current Position: 2,18
Current Tile: ROAD


2017-10-22 08:35:42 INFO  Car - 
Current Speed: 1.4222157
Current Angle: 0.0
Current Position: 2,18
Current Tile: ROAD


2017-10-22 08:35:42 INFO  Car - 
Current Speed: 1.4111046
Current Angle: 0.0
Current Position: 2,18
Current Tile: ROAD


2017-10-22 08:35:42 INFO  Car - 
Current Speed: 1.3999934
Current Angle: 0.0
Current Position: 2,18
Current Tile: ROAD


2017-10-22 08:35:42 INFO  Car - 
Current Speed: 1.4333267
Current Angle: 0.0
Current Position: 2,18
Current Tile: ROAD


2017-10-22 08:35:42 INFO  Car - 
Current Speed: 1.4222156
Current Angle: 0.0
Current Position: 2,18
Current Tile: ROAD


2017-10-22 08:35:42 INFO  Car - 
Current Speed: 1.4111044
Current Angle: 0.0
Current Position: 2,18
Current Tile: ROAD


2017-10-22 08:35:42 INFO  Car - 
Current Speed: 1.3999933
Current Angle: 0.0
Current Position: 2,18
Current Tile: ROAD


2017-10-22 08:35:42 INFO  Car - 
Current Speed: 1.4333266
Current Angle: 0.0
Current Position: 2,18
Current Tile: ROAD


2017-10-22 08:35:42 INFO  Car - 
Current Speed: 1.4222155
Current Angle: 0.0
Current Position: 2,18
Current Tile: ROAD


2017-10-22 08:35:42 INFO  Car - 
Current Speed: 1.4111043
Current Angle: 0.0
Current Position: 2,18
Current Tile: ROAD


2017-10-22 08:35:42 INFO  Car - 
Current Speed: 1.3999932
Current Angle: 0.0
Current Position: 2,18
Current Tile: ROAD


2017-10-22 08:35:42 INFO  Car - 
Current Speed: 1.4333265
Current Angle: 0.0
Current Position: 2,18
Current Tile: ROAD


2017-10-22 08:35:42 INFO  Car - 
Current Speed: 1.4222153
Current Angle: 0.0
Current Position: 2,18
Current Tile: ROAD


2017-10-22 08:35:42 INFO  Car - 
Current Speed: 1.4111042
Current Angle: 0.0
Current Position: 2,18
Current Tile: ROAD


2017-10-22 08:35:42 INFO  Car - 
Current Speed: 1.3999931
Current Angle: 0.0
Current Position: 1,18
Current Tile: ROAD


2017-10-22 08:35:42 INFO  Car - 
Current Speed: 1.4333264
Current Angle: 0.0
Current Position: 1,18
Current Tile: ROAD


2017-10-22 08:35:42 INFO  Car - 
Current Speed: 1.4222152
Current Angle: 0.0
Current Position: 1,18
Current Tile: ROAD


2017-10-22 08:35:43 INFO  Car - 
Current Speed: 1.4111041
Current Angle: 0.0
Current Position: 1,18
Current Tile: ROAD


2017-10-22 08:35:43 INFO  Car - 
Current Speed: 1.399993
Current Angle: 0.0
Current Position: 1,18
Current Tile: ROAD


2017-10-22 08:35:43 INFO  Car - 
Current Speed: 1.4333262
Current Angle: 0.0
Current Position: 1,18
Current Tile: ROAD


2017-10-22 08:35:43 INFO  Car - 
Current Speed: 1.4222151
Current Angle: 0.0
Current Position: 1,18
Current Tile: ROAD


2017-10-22 08:35:43 INFO  Car - 
Current Speed: 1.411104
Current Angle: 0.0
Current Position: 1,18
Current Tile: ROAD


2017-10-22 08:35:43 INFO  Car - 
Current Speed: 1.3999928
Current Angle: 0.0
Current Position: 1,18
Current Tile: ROAD


2017-10-22 08:35:43 INFO  Car - 
Current Speed: 1.4333261
Current Angle: 0.0
Current Position: 1,18
Current Tile: ROAD


2017-10-22 08:35:43 INFO  Car - 
Current Speed: 1.422215
Current Angle: 0.0
Current Position: 1,18
Current Tile: ROAD


2017-10-22 08:35:43 INFO  Car - 
Current Speed: 1.4111038
Current Angle: 0.0
Current Position: 1,18
Current Tile: ROAD


2017-10-22 08:35:43 INFO  Car - 
Current Speed: 1.3999927
Current Angle: 0.0
Current Position: 1,18
Current Tile: ROAD


2017-10-22 08:35:43 INFO  Car - 
Current Speed: 1.433326
Current Angle: 0.0
Current Position: 1,18
Current Tile: ROAD


2017-10-22 08:35:43 INFO  Car - 
Current Speed: 1.4222149
Current Angle: 0.0
Current Position: 1,18
Current Tile: ROAD


2017-10-22 08:35:43 INFO  Car - 
Current Speed: 1.4111037
Current Angle: 0.0
Current Position: 1,18
Current Tile: ROAD


2017-10-22 08:35:43 INFO  Car - 
Current Speed: 0.0
Current Angle: 0.0
Current Position: 1,18
Current Tile: ROAD


2017-10-22 08:35:43 INFO  Car - 
Current Speed: 0.044444446
Current Angle: 0.0
Current Position: 1,18
Current Tile: ROAD


2017-10-22 08:35:43 INFO  Car - 
Current Speed: 0.07777778
Current Angle: 0.0
Current Position: 1,18
Current Tile: ROAD


2017-10-22 08:35:43 INFO  Car - 
Current Speed: 0.11111112
Current Angle: 0.0
Current Position: 1,18
Current Tile: ROAD


2017-10-22 08:35:43 INFO  Car - 
Current Speed: 0.14444445
Current Angle: 0.0
Current Position: 1,18
Current Tile: ROAD


2017-10-22 08:35:43 INFO  Car - 
Current Speed: 0.17777778
Current Angle: 0.0
Current Position: 1,18
Current Tile: ROAD


2017-10-22 08:35:43 INFO  Car - 
Current Speed: 0.21111111
Current Angle: 0.0
Current Position: 1,18
Current Tile: ROAD


2017-10-22 08:35:43 INFO  Car - 
Current Speed: 0.0
Current Angle: 0.0
Current Position: 1,18
Current Tile: ROAD


2017-10-22 08:35:43 INFO  Car - 
Current Speed: 0.0
Current Angle: 0.0
Current Position: 1,18
Current Tile: ROAD


2017-10-22 08:35:43 INFO  Car - 
Current Speed: 0.0
Current Angle: 0.0
Current Position: 1,18
Current Tile: ROAD


2017-10-22 08:35:43 INFO  Car - 
Current Speed: 0.0
Current Angle: 0.0
Current Position: 1,18
Current Tile: ROAD


2017-10-22 08:35:43 INFO  Car - 
Current Speed: 0.0
Current Angle: 0.0
Current Position: 1,18
Current Tile: ROAD


2017-10-22 08:35:43 INFO  Car - 
Current Speed: 0.0
Current Angle: 0.0
Current Position: 1,18
Current Tile: ROAD


2017-10-22 08:35:43 INFO  Car - 
Current Speed: 0.0
Current Angle: 0.0
Current Position: 1,18
Current Tile: ROAD


2017-10-22 08:35:43 INFO  Car - 
Current Speed: 0.0
Current Angle: 0.0
Current Position: 1,18
Current Tile: ROAD


2017-10-22 08:35:43 INFO  Car - 
Current Speed: 0.0
Current Angle: 0.0
Current Position: 1,18
Current Tile: ROAD


2017-10-22 08:35:43 INFO  Car - 
Current Speed: 0.0
Current Angle: 0.0
Current Position: 1,18
Current Tile: ROAD


2017-10-22 08:35:43 INFO  Car - 
Current Speed: 0.0
Current Angle: 0.0
Current Position: 1,18
Current Tile: ROAD


2017-10-22 08:35:43 INFO  Car - 
Current Speed: 0.0
Current Angle: 0.0
Current Position: 1,18
Current Tile: ROAD


2017-10-22 08:35:43 INFO  Car - 
Current Speed: 0.0
Current Angle: 0.0
Current Position: 1,18
Current Tile: ROAD


2017-10-22 08:35:43 INFO  Car - 
Current Speed: 0.0
Current Angle: 0.0
Current Position: 1,18
Current Tile: ROAD


2017-10-22 08:35:43 INFO  Car - 
Current Speed: 0.0
Current Angle: 0.0
Current Position: 1,18
Current Tile: ROAD


2017-10-22 08:35:43 INFO  Car - 
Current Speed: 0.0
Current Angle: 0.0
Current Position: 1,18
Current Tile: ROAD


2017-10-22 08:35:43 INFO  Car - 
Current Speed: 0.0
Current Angle: 0.0
Current Position: 1,18
Current Tile: ROAD


2017-10-22 08:35:43 INFO  Car - 
Current Speed: 0.0
Current Angle: 0.0
Current Position: 1,18
Current Tile: ROAD


2017-10-22 08:35:43 INFO  Car - 
Current Speed: 0.0
Current Angle: 0.0
Current Position: 1,18
Current Tile: ROAD


2017-10-22 08:35:43 INFO  Car - 
Current Speed: 0.0
Current Angle: 0.0
Current Position: 1,18
Current Tile: ROAD


2017-10-22 08:35:43 INFO  Car - 
Current Speed: 0.0
Current Angle: 0.0
Current Position: 1,18
Current Tile: ROAD


2017-10-22 08:35:43 INFO  Car - 
Current Speed: 0.0
Current Angle: 0.0
Current Position: 1,18
Current Tile: ROAD


2017-10-22 08:35:43 INFO  Car - 
Current Speed: 0.0
Current Angle: 0.0
Current Position: 1,18
Current Tile: ROAD


2017-10-22 08:35:43 INFO  Car - 
Current Speed: 0.0
Current Angle: 0.0
Current Position: 1,18
Current Tile: ROAD


2017-10-22 08:35:43 INFO  Car - 
Current Speed: 0.0
Current Angle: 0.0
Current Position: 1,18
Current Tile: ROAD


2017-10-22 08:35:44 INFO  Car - 
Current Speed: 0.0
Current Angle: 0.0
Current Position: 1,18
Current Tile: ROAD


2017-10-22 08:35:44 INFO  Car - 
Current Speed: 0.0
Current Angle: 0.0
Current Position: 1,18
Current Tile: ROAD


2017-10-22 08:35:44 INFO  Car - 
Current Speed: 0.0
Current Angle: 0.0
Current Position: 1,18
Current Tile: ROAD


2017-10-22 08:35:44 INFO  Car - 
Current Speed: 0.0
Current Angle: 0.0
Current Position: 1,18
Current Tile: ROAD


2017-10-22 08:35:44 INFO  Car - 
Current Speed: 0.0
Current Angle: 0.0
Current Position: 1,18
Current Tile: ROAD


2017-10-22 08:35:44 INFO  Car - 
Current Speed: 0.0
Current Angle: 0.0
Current Position: 1,18
Current Tile: ROAD


2017-10-22 08:35:44 INFO  Car - 
Current Speed: 0.0
Current Angle: 0.0
Current Position: 1,18
Current Tile: ROAD


2017-10-22 08:35:44 INFO  Car - 
Current Speed: 0.0
Current Angle: 0.0
Current Position: 1,18
Current Tile: ROAD


2017-10-22 08:35:44 INFO  Car - 
Current Speed: 0.0
Current Angle: 0.0
Current Position: 1,18
Current Tile: ROAD


2017-10-22 08:35:44 INFO  Car - 
Current Speed: 0.0
Current Angle: 0.0
Current Position: 1,18
Current Tile: ROAD


2017-10-22 08:35:44 INFO  Car - 
Current Speed: 0.0
Current Angle: 0.0
Current Position: 1,18
Current Tile: ROAD


2017-10-22 08:35:44 INFO  Car - 
Current Speed: 0.0
Current Angle: 0.0
Current Position: 1,18
Current Tile: ROAD


2017-10-22 08:35:44 INFO  Car - 
Current Speed: 0.0
Current Angle: 0.0
Current Position: 1,18
Current Tile: ROAD


2017-10-22 08:35:44 INFO  Car - 
Current Speed: 0.0
Current Angle: 0.0
Current Position: 1,18
Current Tile: ROAD


2017-10-22 08:35:44 INFO  Car - 
Current Speed: 0.0
Current Angle: 0.0
Current Position: 1,18
Current Tile: ROAD


2017-10-22 08:35:44 INFO  Car - 
Current Speed: 0.0
Current Angle: 0.0
Current Position: 1,18
Current Tile: ROAD


2017-10-22 08:35:44 INFO  Car - 
Current Speed: 0.0
Current Angle: 0.0
Current Position: 1,18
Current Tile: ROAD


